<?xml version="1.0" encoding="UTF-8"?>
<coverage generated="1707039486478" clover="3.2.0">
  <project timestamp="1707039486478" name="All files">
    <metrics statements="5" coveredstatements="5" conditionals="0" coveredconditionals="0" methods="4" coveredmethods="4" elements="9" coveredelements="9" complexity="0" loc="5" ncloc="5" packages="1" files="2" classes="2"/>
    <file name="mathLib.js" path="C:\Users\Loveday Ikegbulam\Desktop\AltSchool\test-driven-development\src\mathLib.js">
      <metrics statements="5" coveredstatements="5" conditionals="0" coveredconditionals="0" methods="4" coveredmethods="4"/>
      <line num="2" count="1" type="stmt"/>
      <line num="6" count="1" type="stmt"/>
      <line num="10" count="1" type="stmt"/>
      <line num="14" count="1" type="stmt"/>
      <line num="17" count="1" type="stmt"/>
    </file>
    <file name="user.js" path="C:\Users\Loveday Ikegbulam\Desktop\AltSchool\test-driven-development\src\user.js">
      <metrics statements="0" coveredstatements="0" conditionals="0" coveredconditionals="0" methods="0" coveredmethods="0"/>
    </file>
  </project>
</coverage>
